<?xml version="1.0" encoding="UTF-8"?>
<!-- Generated by org.testng.reporters.JUnitXMLReporter -->
<testsuite hostname="LYNDON-PC" ignored="0" name="Default test" tests="6" failures="0" timestamp="01 out 2018 18:34:46 GMT" time="0.03" errors="0">
  <testcase name="test_add" time="0.007" classname="com.idomine.testng.TestNGTest02"/>
  <testcase name="test_add" time="0.0" classname="com.idomine.testng.TestNGTest02"/>
  <testcase name="test_setName" time="0.001" classname="com.idomine.testng.TestNGTest02"/>
  <testcase name="test_setName" time="0.0" classname="com.idomine.testng.TestNGTest02"/>
  <testcase name="test_subtract" time="0.001" classname="com.idomine.testng.TestNGTest02"/>
  <testcase name="test_subtract" time="0.001" classname="com.idomine.testng.TestNGTest02"/>
</testsuite> <!-- Default test -->
